<?xml version="1.0" encoding="UTF-8"?>
<!-- Generated by org.testng.reporters.JUnitReportReporter -->
<testsuite hostname="Alekyas-MacBook-Air.local" failures="0" tests="1" name="runner.TestRunner2" time="0.743" errors="1" timestamp="2024-09-01T18:58:38 IST" skipped="0">
  <testcase classname="runner.TestRunner2" name="setUpClass" time="0.743">
    <error message="Failed to parse resource at: file:///Users/hiteshpkumar/Documents/workspace-spring-tool-suite-4-4.23.1.RELEASE/Project_cucumber/src/test/resources/SWAGONBOOKS/Requestabook.feature
(13:1): expected: #TagLine, #RuleLine, #Comment, #Empty, got &#039;Scenario 2: Book Request Submission with Missing Fields&#039;
(15:1): expected: #TagLine, #RuleLine, #Comment, #Empty, got &#039;Given Open browser, Enter the bookswagon &quot;&lt;URL&gt;&quot;&#039;
(16:1): expected: #TagLine, #RuleLine, #Comment, #Empty, got &#039;When user clicks on the &quot;Requestbook&quot; icon&#039;
(17:1): expected: #TagLine, #RuleLine, #Comment, #Empty, got &#039;And user fills in some fields but leaves mandatory fields blank&#039;
(18:1): expected: #TagLine, #RuleLine, #Comment, #Empty, got &#039;And user submits the form&#039;
(19:1): expected: #TagLine, #RuleLine, #Comment, #Empty, got &#039;And user takes a screenshot of the error message&#039;
(20:1): expected: #TagLine, #RuleLine, #Comment, #Empty, got &#039;And user closes the browser&#039;
(22:1): expected: #TagLine, #RuleLine, #Comment, #Empty, got &#039;Feature: Boxsets Functionality on Bookswagon&#039;
(23:1): expected: #TagLine, #RuleLine, #Comment, #Empty, got &#039;Scenario 3: Adding a Boxset to Cart and Proceeding to Checkout&#039;
(25:1): expected: #TagLine, #RuleLine, #Comment, #Empty, got &#039;Given Open browser, Enter the bookswagon &quot;&lt;URL&gt;&quot;&#039;
(26:1): expected: #TagLine, #RuleLine, #Comment, #Empty, got &#039;When user clicks on the &quot;Boxsets&quot; category&#039;" type="io.cucumber.core.gherkin.FeatureParserException">
      <![CDATA[io.cucumber.core.gherkin.FeatureParserException: Failed to parse resource at: file:///Users/hiteshpkumar/Documents/workspace-spring-tool-suite-4-4.23.1.RELEASE/Project_cucumber/src/test/resources/SWAGONBOOKS/Requestabook.feature
(13:1): expected: #TagLine, #RuleLine, #Comment, #Empty, got 'Scenario 2: Book Request Submission with Missing Fields'
(15:1): expected: #TagLine, #RuleLine, #Comment, #Empty, got 'Given Open browser, Enter the bookswagon "<URL>"'
(16:1): expected: #TagLine, #RuleLine, #Comment, #Empty, got 'When user clicks on the "Requestbook" icon'
(17:1): expected: #TagLine, #RuleLine, #Comment, #Empty, got 'And user fills in some fields but leaves mandatory fields blank'
(18:1): expected: #TagLine, #RuleLine, #Comment, #Empty, got 'And user submits the form'
(19:1): expected: #TagLine, #RuleLine, #Comment, #Empty, got 'And user takes a screenshot of the error message'
(20:1): expected: #TagLine, #RuleLine, #Comment, #Empty, got 'And user closes the browser'
(22:1): expected: #TagLine, #RuleLine, #Comment, #Empty, got 'Feature: Boxsets Functionality on Bookswagon'
(23:1): expected: #TagLine, #RuleLine, #Comment, #Empty, got 'Scenario 3: Adding a Boxset to Cart and Proceeding to Checkout'
(25:1): expected: #TagLine, #RuleLine, #Comment, #Empty, got 'Given Open browser, Enter the bookswagon "<URL>"'
(26:1): expected: #TagLine, #RuleLine, #Comment, #Empty, got 'When user clicks on the "Boxsets" category'
at io.cucumber.core.gherkin.messages.GherkinMessagesFeatureParser.parse(GherkinMessagesFeatureParser.java:56)
at io.cucumber.core.feature.FeatureParser.parseResource(FeatureParser.java:46)
at java.base/java.util.function.BiFunction.lambda$andThen$0(BiFunction.java:70)
at io.cucumber.core.resource.ResourceScanner.lambda$processResource$1(ResourceScanner.java:79)
at io.cucumber.core.resource.PathScanner$ResourceFileVisitor.visitFile(PathScanner.java:75)
at io.cucumber.core.resource.PathScanner$ResourceFileVisitor.visitFile(PathScanner.java:60)
at java.base/java.nio.file.Files.walkFileTree(Files.java:2786)
at io.cucumber.core.resource.PathScanner.findResourcesForPath(PathScanner.java:53)
at io.cucumber.core.resource.PathScanner.findResourcesForUri(PathScanner.java:31)
at io.cucumber.core.resource.ResourceScanner.findResourcesForUri(ResourceScanner.java:61)
at io.cucumber.core.resource.ResourceScanner.scanForResourcesUri(ResourceScanner.java:134)
at io.cucumber.core.runtime.FeaturePathFeatureSupplier.loadFeatures(FeaturePathFeatureSupplier.java:62)
at io.cucumber.core.runtime.FeaturePathFeatureSupplier.get(FeaturePathFeatureSupplier.java:45)
at io.cucumber.testng.TestNGCucumberRunner.<init>(TestNGCucumberRunner.java:122)
at io.cucumber.testng.AbstractTestNGCucumberTests.setUpClass(AbstractTestNGCucumberTests.java:27)
at java.base/jdk.internal.reflect.DirectMethodHandleAccessor.invoke(DirectMethodHandleAccessor.java:103)
at java.base/java.lang.reflect.Method.invoke(Method.java:580)
at org.testng.internal.invokers.MethodInvocationHelper.invokeMethod(MethodInvocationHelper.java:141)
at org.testng.internal.invokers.MethodInvocationHelper.invokeMethodConsideringTimeout(MethodInvocationHelper.java:71)
at org.testng.internal.invokers.ConfigInvoker.invokeConfigurationMethod(ConfigInvoker.java:400)
at org.testng.internal.invokers.ConfigInvoker.invokeConfigurations(ConfigInvoker.java:333)
at org.testng.internal.invokers.TestMethodWorker.invokeBeforeClassMethods(TestMethodWorker.java:188)
at org.testng.internal.invokers.TestMethodWorker.run(TestMethodWorker.java:128)
at java.base/java.util.ArrayList.forEach(ArrayList.java:1596)
at org.testng.TestRunner.privateRun(TestRunner.java:739)
at org.testng.TestRunner.run(TestRunner.java:614)
at org.testng.SuiteRunner.runTest(SuiteRunner.java:421)
at org.testng.SuiteRunner.runSequentially(SuiteRunner.java:413)
at org.testng.SuiteRunner.privateRun(SuiteRunner.java:373)
at org.testng.SuiteRunner.run(SuiteRunner.java:312)
at org.testng.SuiteRunnerWorker.runSuite(SuiteRunnerWorker.java:52)
at org.testng.SuiteRunnerWorker.run(SuiteRunnerWorker.java:95)
at org.testng.TestNG.runSuitesSequentially(TestNG.java:1274)
at org.testng.TestNG.runSuitesLocally(TestNG.java:1208)
at org.testng.TestNG.runSuites(TestNG.java:1112)
at org.testng.TestNG.run(TestNG.java:1079)
at org.testng.remote.AbstractRemoteTestNG.run(AbstractRemoteTestNG.java:115)
at org.testng.remote.RemoteTestNG.initAndRun(RemoteTestNG.java:293)
at org.testng.remote.RemoteTestNG.main(RemoteTestNG.java:91)
]]>
    </error>
  </testcase> <!-- setUpClass -->
</testsuite> <!-- runner.TestRunner2 -->
